Defaulting to user installation because normal site-packages is not writeable
Requirement already satisfied: pytz in /home/e/e0426346/.local/lib/python3.10/site-packages (2024.1)
Directory ../augmented_images exists, skipping zip extraction.
Directory ../CUB_200_2011/images exists, skipping zip extraction.
Directory ../augmented_images_more exists, skipping zip extraction.
Directory ../augmented_images_nocrop exists, skipping zip extraction.
<torch.utils.data.dataset.ConcatDataset object at 0x7f3745496c50>
indices exist, loading them...
Training set size:  23976
Validation set size:  1159
Test set size:  4634
Starting epoch  1  of  30
Epoch 1/30, train loss: 5.2413, val loss: 5.0826, val loss: 5.0826, train acc: 0.0203, val acc: 0.0921
Starting epoch  2  of  30
Epoch 2/30, train loss: 4.7547, val loss: 4.2460, val loss: 4.2460, train acc: 0.1475, val acc: 0.2704
Starting epoch  3  of  30
Epoch 3/30, train loss: 3.9795, val loss: 3.1799, val loss: 3.1799, train acc: 0.3180, val acc: 0.4280
Starting epoch  4  of  30
Epoch 4/30, train loss: 3.1754, val loss: 2.3933, val loss: 2.3933, train acc: 0.4663, val acc: 0.5408
Starting epoch  5  of  30
Epoch 5/30, train loss: 2.5179, val loss: 1.9513, val loss: 1.9513, train acc: 0.5636, val acc: 0.6249
Starting epoch  6  of  30
Epoch 6/30, train loss: 1.9505, val loss: 1.4453, val loss: 1.4453, train acc: 0.6477, val acc: 0.6938
Starting epoch  7  of  30
Epoch 7/30, train loss: 1.5459, val loss: 1.1444, val loss: 1.1444, train acc: 0.7024, val acc: 0.7521
Starting epoch  8  of  30
Epoch 8/30, train loss: 1.2100, val loss: 1.1226, val loss: 1.1226, train acc: 0.7497, val acc: 0.7727
Starting epoch  9  of  30
Epoch 9/30, train loss: 0.9662, val loss: 1.0214, val loss: 1.0214, train acc: 0.7939, val acc: 0.7922
Starting epoch  10  of  30
Epoch 10/30, train loss: 0.7731, val loss: 1.0952, val loss: 1.0952, train acc: 0.8254, val acc: 0.7745
Starting epoch  11  of  30
Epoch 11/30, train loss: 0.6216, val loss: 0.9112, val loss: 0.9112, train acc: 0.8560, val acc: 0.8154
Starting epoch  12  of  30
Epoch 12/30, train loss: 0.5427, val loss: 0.8666, val loss: 0.8666, train acc: 0.8751, val acc: 0.8272
Starting epoch  13  of  30
Epoch 13/30, train loss: 0.4424, val loss: 0.8100, val loss: 0.8100, train acc: 0.8962, val acc: 0.8369
Starting epoch  14  of  30
Epoch 14/30, train loss: 0.3741, val loss: 0.7866, val loss: 0.7866, train acc: 0.9113, val acc: 0.8547
Starting epoch  15  of  30
Epoch 15/30, train loss: 0.2974, val loss: 0.7191, val loss: 0.7191, train acc: 0.9289, val acc: 0.8551
Starting epoch  16  of  30
Epoch 16/30, train loss: 0.2509, val loss: 0.7179, val loss: 0.7179, train acc: 0.9407, val acc: 0.8652
Starting epoch  17  of  30
Epoch 17/30, train loss: 0.1992, val loss: 0.7351, val loss: 0.7351, train acc: 0.9528, val acc: 0.8657
Starting epoch  18  of  30
Epoch 18/30, train loss: 0.1623, val loss: 0.6433, val loss: 0.6433, train acc: 0.9601, val acc: 0.8801
Starting epoch  19  of  30
Epoch 19/30, train loss: 0.1232, val loss: 0.6649, val loss: 0.6649, train acc: 0.9702, val acc: 0.8754
Starting epoch  20  of  30
Epoch 20/30, train loss: 0.0995, val loss: 0.6067, val loss: 0.6067, train acc: 0.9755, val acc: 0.8834
Starting epoch  21  of  30
Epoch 21/30, train loss: 0.0694, val loss: 0.5753, val loss: 0.5753, train acc: 0.9845, val acc: 0.8919
Starting epoch  22  of  30
Epoch 22/30, train loss: 0.0502, val loss: 0.5675, val loss: 0.5675, train acc: 0.9884, val acc: 0.8970
Starting epoch  23  of  30
Epoch 23/30, train loss: 0.0384, val loss: 0.5576, val loss: 0.5576, train acc: 0.9923, val acc: 0.8970
Starting epoch  24  of  30
Epoch 24/30, train loss: 0.0286, val loss: 0.5252, val loss: 0.5252, train acc: 0.9938, val acc: 0.9012
Starting epoch  25  of  30
Epoch 25/30, train loss: 0.0218, val loss: 0.5215, val loss: 0.5215, train acc: 0.9961, val acc: 0.9139
Starting epoch  26  of  30
Epoch 26/30, train loss: 0.0192, val loss: 0.5192, val loss: 0.5192, train acc: 0.9969, val acc: 0.9071
Starting epoch  27  of  30
Epoch 27/30, train loss: 0.0132, val loss: 0.5181, val loss: 0.5181, train acc: 0.9974, val acc: 0.9147
Starting epoch  28  of  30
Epoch 28/30, train loss: 0.0118, val loss: 0.5328, val loss: 0.5328, train acc: 0.9980, val acc: 0.9113
Starting epoch  29  of  30
Epoch 29/30, train loss: 0.0130, val loss: 0.5340, val loss: 0.5340, train acc: 0.9980, val acc: 0.9113
Starting epoch  30  of  30
Epoch 30/30, train loss: 0.0099, val loss: 0.5108, val loss: 0.5108, train acc: 0.9986, val acc: 0.9113
Test Accuracy of the model on the test images: 90.50496331463098 %
